<?xml version="1.0" encoding="UTF-8"?>
<!-- Generated by org.testng.reporters.JUnitXMLReporter -->
<testsuite hostname="DESKTOP-FA3JEC3" ignored="0" name="Test" tests="4" failures="0" timestamp="27 Feb 2020 15:54:56 GMT" time="41.763" errors="0">
  <testcase name="isNavDisplayed" time="0.186" classname="academy.E2EProject.ValidateTitle"/>
  <testcase name="isvalidTitle" time="0.171" classname="academy.E2EProject.ValidateTitle"/>
  <testcase name="basePageNavigation" time="16.151" classname="academy.E2EProject.HomePage"/>
  <testcase name="basePageNavigation" time="6.036" classname="academy.E2EProject.HomePage"/>
</testsuite> <!-- Test -->
