<?xml version="1.0" encoding="UTF-8"?>
<testng-results skipped="0" failed="0" total="5" passed="5">
  <reporter-output>
  </reporter-output>
  <suite name="Suite" duration-ms="33426" started-at="2020-02-28T00:01:21Z" finished-at="2020-02-28T00:01:55Z">
    <groups>
    </groups>
    <test name="Test1" duration-ms="9654" started-at="2020-02-28T00:01:21Z" finished-at="2020-02-28T00:01:31Z">
      <class name="academy.E2EProject.ValidateTitle">
        <test-method status="PASS" signature="setUp()[pri:0, instance:academy.E2EProject.ValidateTitle@394df057]" name="setUp" is-config="true" duration-ms="9410" started-at="2020-02-27T18:01:21Z" finished-at="2020-02-27T18:01:30Z">
          <reporter-output>
          </reporter-output>
        </test-method> <!-- setUp -->
        <test-method status="PASS" signature="isNavDisplayed()[pri:0, instance:academy.E2EProject.ValidateTitle@394df057]" name="isNavDisplayed" duration-ms="119" started-at="2020-02-27T18:01:30Z" finished-at="2020-02-27T18:01:31Z">
          <reporter-output>
          </reporter-output>
        </test-method> <!-- isNavDisplayed -->
        <test-method status="PASS" signature="isvalidTitle()[pri:0, instance:academy.E2EProject.ValidateTitle@394df057]" name="isvalidTitle" duration-ms="42" started-at="2020-02-27T18:01:31Z" finished-at="2020-02-27T18:01:31Z">
          <reporter-output>
          </reporter-output>
        </test-method> <!-- isvalidTitle -->
        <test-method status="PASS" signature="tearDown()[pri:0, instance:academy.E2EProject.ValidateTitle@394df057]" name="tearDown" is-config="true" duration-ms="75" started-at="2020-02-27T18:01:31Z" finished-at="2020-02-27T18:01:31Z">
          <reporter-output>
          </reporter-output>
        </test-method> <!-- tearDown -->
      </class> <!-- academy.E2EProject.ValidateTitle -->
    </test> <!-- Test1 -->
    <test name="Test2" duration-ms="23745" started-at="2020-02-28T00:01:31Z" finished-at="2020-02-28T00:01:54Z">
      <class name="academy.E2EProject.HomePage">
        <test-method status="PASS" signature="setUp()[pri:0, instance:academy.E2EProject.HomePage@63070bab]" name="setUp" is-config="true" duration-ms="6192" started-at="2020-02-27T18:01:31Z" finished-at="2020-02-27T18:01:37Z">
          <reporter-output>
          </reporter-output>
        </test-method> <!-- setUp -->
        <test-method status="PASS" signature="basePageNavigation(java.lang.String, java.lang.String)[pri:0, instance:academy.E2EProject.HomePage@63070bab]" name="basePageNavigation" duration-ms="11738" started-at="2020-02-27T18:01:37Z" data-provider="getData" finished-at="2020-02-27T18:01:49Z">
          <params>
            <param index="0">
              <value>
                <![CDATA[santhi.webdev@gmail.com]]>
              </value>
            </param>
            <param index="1">
              <value>
                <![CDATA[Tester2020]]>
              </value>
            </param>
          </params>
          <reporter-output>
          </reporter-output>
        </test-method> <!-- basePageNavigation -->
        <test-method status="PASS" signature="basePageNavigation(java.lang.String, java.lang.String)[pri:0, instance:academy.E2EProject.HomePage@63070bab]" name="basePageNavigation" duration-ms="5740" started-at="2020-02-27T18:01:49Z" data-provider="getData" finished-at="2020-02-27T18:01:54Z">
          <params>
            <param index="0">
              <value>
                <![CDATA[abc@gmail.com]]>
              </value>
            </param>
            <param index="1">
              <value>
                <![CDATA[xyz]]>
              </value>
            </param>
          </params>
          <reporter-output>
          </reporter-output>
        </test-method> <!-- basePageNavigation -->
        <test-method status="PASS" signature="tearDown()[pri:0, instance:academy.E2EProject.HomePage@63070bab]" name="tearDown" is-config="true" duration-ms="73" started-at="2020-02-27T18:01:54Z" finished-at="2020-02-27T18:01:54Z">
          <reporter-output>
          </reporter-output>
        </test-method> <!-- tearDown -->
      </class> <!-- academy.E2EProject.HomePage -->
    </test> <!-- Test2 -->
    <test name="Test3" duration-ms="0" started-at="2020-02-28T00:01:55Z" finished-at="2020-02-28T00:01:55Z">
    </test> <!-- Test3 -->
    <test name="Test4" duration-ms="0" started-at="2020-02-28T00:01:55Z" finished-at="2020-02-28T00:01:55Z">
      <class name="academy.E2EProject.TestMaven">
        <test-method status="PASS" signature="mavenTest()[pri:0, instance:academy.E2EProject.TestMaven@313b2ea6]" name="mavenTest" duration-ms="0" started-at="2020-02-27T18:01:55Z" finished-at="2020-02-27T18:01:55Z">
          <reporter-output>
          </reporter-output>
        </test-method> <!-- mavenTest -->
      </class> <!-- academy.E2EProject.TestMaven -->
    </test> <!-- Test4 -->
  </suite> <!-- Suite -->
</testng-results>
